Streaming transaction logs mentioning HaBhvnQAvqdbcWLNhaCUTsBt3UwJHBEwXGzStn4ULGL9. Confirmed commitment
Transaction executed in slot 471744344:
  Signature: 3FTCUVqbVe2SupvrBo5SbrSGtjcdkNQu2g8RUeDX9p84sKc7YrXHvxqYZ1TxdcHu5xf4tw6Au9vP3A7TPbkpH9p
  Status: Ok
  Log Messages:
    Program HaBhvnQAvqdbcWLNhaCUTsBt3UwJHBEwXGzStn4ULGL9 invoke [1]
    Program log: Instruction: CreateCollection
    Program CoREENxT6tW1HoK8ypY1SxRMZTcVPm7R94rH4PZNhX7d invoke [2]
    Program log: Instruction: CreateCollectionV2
    Program 11111111111111111111111111111111 invoke [3]
    Program 11111111111111111111111111111111 success
    Program CoREENxT6tW1HoK8ypY1SxRMZTcVPm7R94rH4PZNhX7d consumed 5098 of 193057 compute units
    Program CoREENxT6tW1HoK8ypY1SxRMZTcVPm7R94rH4PZNhX7d success
    Program HaBhvnQAvqdbcWLNhaCUTsBt3UwJHBEwXGzStn4ULGL9 consumed 12426 of 200000 compute units
    Program HaBhvnQAvqdbcWLNhaCUTsBt3UwJHBEwXGzStn4ULGL9 success
Transaction executed in slot 471744348:
  Signature: 3SDrsDJoj4D2ECaxWktY8a2Cv9G9hJbQsVVjunrUjfWR9mcfmP83MzzbNRd3UW9HZCnA2y6h4TiPfPMUAKccGnFg
  Status: Ok
  Log Messages:
    Program HaBhvnQAvqdbcWLNhaCUTsBt3UwJHBEwXGzStn4ULGL9 invoke [1]
    Program log: Instruction: MintNft
    Program CoREENxT6tW1HoK8ypY1SxRMZTcVPm7R94rH4PZNhX7d invoke [2]
    Program log: Instruction: CreateV2
    Program 11111111111111111111111111111111 invoke [3]
    Program 11111111111111111111111111111111 success
    Program log: programs/mpl-core/src/state/collection.rs:139:Approve
    Program CoREENxT6tW1HoK8ypY1SxRMZTcVPm7R94rH4PZNhX7d consumed 11575 of 192194 compute units
    Program CoREENxT6tW1HoK8ypY1SxRMZTcVPm7R94rH4PZNhX7d success
    Program HaBhvnQAvqdbcWLNhaCUTsBt3UwJHBEwXGzStn4ULGL9 consumed 19844 of 200000 compute units
    Program HaBhvnQAvqdbcWLNhaCUTsBt3UwJHBEwXGzStn4ULGL9 success
Transaction executed in slot 471744350:
  Signature: 5g2CsuQ1CtK46ioYpQo3RXVJ6xENNa7X5EKWTYUTLakH2BUYBE8XsKz7whK4HUFCJ2vXrikfwoy61ctUHiv4KYnP
  Status: Ok
  Log Messages:
    Program HaBhvnQAvqdbcWLNhaCUTsBt3UwJHBEwXGzStn4ULGL9 invoke [1]
    Program log: Instruction: InitializeConfig
    Program 11111111111111111111111111111111 invoke [2]
    Program 11111111111111111111111111111111 success
    Program 11111111111111111111111111111111 invoke [2]
    Program 11111111111111111111111111111111 success
    Program TokenkegQfeZyiNwAJbNbGKPFXCWuBvf9Ss623VQ5DA invoke [2]
    Program log: Instruction: InitializeMint2
    Program TokenkegQfeZyiNwAJbNbGKPFXCWuBvf9Ss623VQ5DA consumed 2780 of 186799 compute units
    Program TokenkegQfeZyiNwAJbNbGKPFXCWuBvf9Ss623VQ5DA success
    Program HaBhvnQAvqdbcWLNhaCUTsBt3UwJHBEwXGzStn4ULGL9 consumed 19968 of 200000 compute units
    Program HaBhvnQAvqdbcWLNhaCUTsBt3UwJHBEwXGzStn4ULGL9 success
Transaction executed in slot 471744352:
  Signature: ukSsyQdS34Eu3vnxe3WW3zsgkXS68nYW2okf1DSh2Xzgf3VvsuitVZp1KtzWuywSqQ6pGPQgcQCZ8psL3zJquCD
  Status: Ok
  Log Messages:
    Program HaBhvnQAvqdbcWLNhaCUTsBt3UwJHBEwXGzStn4ULGL9 invoke [1]
    Program log: Instruction: Stake
    Program CoREENxT6tW1HoK8ypY1SxRMZTcVPm7R94rH4PZNhX7d invoke [2]
    Program log: Instruction: AddPlugin
    Program log: programs/mpl-core/src/state/collection.rs:160:Approve
    Program 11111111111111111111111111111111 invoke [3]
    Program 11111111111111111111111111111111 success
    Program 11111111111111111111111111111111 invoke [3]
    Program 11111111111111111111111111111111 success
    Program CoREENxT6tW1HoK8ypY1SxRMZTcVPm7R94rH4PZNhX7d consumed 14650 of 187321 compute units
    Program CoREENxT6tW1HoK8ypY1SxRMZTcVPm7R94rH4PZNhX7d success
    Program CoREENxT6tW1HoK8ypY1SxRMZTcVPm7R94rH4PZNhX7d invoke [2]
    Program log: Instruction: AddPlugin
    Program log: programs/mpl-core/src/state/asset.rs:177:Approve
    Program 11111111111111111111111111111111 invoke [3]
    Program 11111111111111111111111111111111 success
    Program CoREENxT6tW1HoK8ypY1SxRMZTcVPm7R94rH4PZNhX7d consumed 11274 of 167866 compute units
    Program CoREENxT6tW1HoK8ypY1SxRMZTcVPm7R94rH4PZNhX7d success
    Program HaBhvnQAvqdbcWLNhaCUTsBt3UwJHBEwXGzStn4ULGL9 consumed 43930 of 200000 compute units
    Program HaBhvnQAvqdbcWLNhaCUTsBt3UwJHBEwXGzStn4ULGL9 success
